{"numFailedTestSuites":0,"numFailedTests":0,"numPassedTestSuites":4,"numPassedTests":16,"numPendingTestSuites":0,"numPendingTests":0,"numRuntimeErrorTestSuites":0,"numTodoTests":0,"numTotalTestSuites":4,"numTotalTests":16,"openHandles":[],"snapshot":{"added":0,"didUpdate":false,"failure":false,"filesAdded":0,"filesRemoved":0,"filesRemovedList":[],"filesUnmatched":0,"filesUpdated":0,"matched":0,"total":0,"unchecked":0,"uncheckedKeysByFile":[],"unmatched":0,"updated":0},"startTime":1642361876507,"success":true,"testResults":[{"failureMessage":null,"numFailingTests":0,"numPassingTests":8,"numPendingTests":0,"numTodoTests":0,"perfStats":{"end":1642361878689,"start":1642361877376},"snapshot":{"added":0,"fileDeleted":false,"matched":0,"unchecked":0,"unmatched":0,"updated":0,"uncheckedKeys":[]},"testFilePath":"/home/pia/tyo/front/test-pia/vuex/from_scratch/players/tests/unit/App.spec.js","testResults":[{"ancestorTitles":["App"],"duration":4,"failureMessages":[],"fullName":"App has components","location":null,"numPassingAsserts":0,"status":"passed","title":"has components"},{"ancestorTitles":["App"],"duration":1,"failureMessages":[],"fullName":"App has three components","location":null,"numPassingAsserts":0,"status":"passed","title":"has three components"},{"ancestorTitles":["App"],"duration":1,"failureMessages":[],"fullName":"App has the specified three components","location":null,"numPassingAsserts":0,"status":"passed","title":"has the specified three components"},{"ancestorTitles":["Players"],"duration":0,"failureMessages":[],"fullName":"Players has required methods","location":null,"numPassingAsserts":0,"status":"passed","title":"has required methods"},{"ancestorTitles":["Players"],"duration":1,"failureMessages":[],"fullName":"Players has methods as mapped actions","location":null,"numPassingAsserts":0,"status":"passed","title":"has methods as mapped actions"},{"ancestorTitles":["Remove"],"duration":0,"failureMessages":[],"fullName":"Remove has required methods","location":null,"numPassingAsserts":0,"status":"passed","title":"has required methods"},{"ancestorTitles":["Remove"],"duration":0,"failureMessages":[],"fullName":"Remove has methods as mapped actions","location":null,"numPassingAsserts":0,"status":"passed","title":"has methods as mapped actions"},{"ancestorTitles":["Status"],"duration":0,"failureMessages":[],"fullName":"Status has no methods","location":null,"numPassingAsserts":0,"status":"passed","title":"has no methods"}],"skipped":false,"leaks":false},{"failureMessage":null,"numFailingTests":0,"numPassingTests":2,"numPendingTests":0,"numTodoTests":0,"perfStats":{"end":1642361878712,"start":1642361877359},"snapshot":{"added":0,"fileDeleted":false,"matched":0,"unchecked":0,"unmatched":0,"updated":0,"uncheckedKeys":[]},"testFilePath":"/home/pia/tyo/front/test-pia/vuex/from_scratch/players/tests/unit/Status.spec.js","testResults":[{"ancestorTitles":["Status"],"duration":28,"failureMessages":[],"fullName":"Status renders without notification","location":null,"numPassingAsserts":0,"status":"passed","title":"renders without notification"},{"ancestorTitles":["Status"],"duration":30,"failureMessages":[],"fullName":"Status adds alert if the last player is removed with delay","location":null,"numPassingAsserts":0,"status":"passed","title":"adds alert if the last player is removed with delay"}],"skipped":false,"leaks":false},{"failureMessage":null,"numFailingTests":0,"numPassingTests":2,"numPendingTests":0,"numTodoTests":0,"perfStats":{"end":1642361879776,"start":1642361877407},"snapshot":{"added":0,"fileDeleted":false,"matched":0,"unchecked":0,"unmatched":0,"updated":0,"uncheckedKeys":[]},"testFilePath":"/home/pia/tyo/front/test-pia/vuex/from_scratch/players/tests/unit/Players.spec.js","testResults":[{"ancestorTitles":["Players"],"duration":545,"failureMessages":[],"fullName":"Players calls an \"add player\" action when form is submitted","location":null,"numPassingAsserts":0,"status":"passed","title":"calls an \"add player\" action when form is submitted"},{"ancestorTitles":["Players"],"duration":516,"failureMessages":[],"fullName":"Players adds a list item when form is submitted","location":null,"numPassingAsserts":0,"status":"passed","title":"adds a list item when form is submitted"}],"skipped":false,"leaks":false},{"failureMessage":null,"numFailingTests":0,"numPassingTests":4,"numPendingTests":0,"numTodoTests":0,"perfStats":{"end":1642361879834,"start":1642361877394},"snapshot":{"added":0,"fileDeleted":false,"matched":0,"unchecked":0,"unmatched":0,"updated":0,"uncheckedKeys":[]},"testFilePath":"/home/pia/tyo/front/test-pia/vuex/from_scratch/players/tests/unit/Remove.spec.js","testResults":[{"ancestorTitles":["Remove"],"duration":59,"failureMessages":[],"fullName":"Remove rm_last button","location":null,"numPassingAsserts":0,"status":"passed","title":"rm_last button"},{"ancestorTitles":["Remove"],"duration":10,"failureMessages":[],"fullName":"Remove rm_delay button","location":null,"numPassingAsserts":0,"status":"passed","title":"rm_delay button"},{"ancestorTitles":["Remove"],"duration":517,"failureMessages":[],"fullName":"Remove calls an \"remove player\" action when the rm_last is clicked","location":null,"numPassingAsserts":0,"status":"passed","title":"calls an \"remove player\" action when the rm_last is clicked"},{"ancestorTitles":["Remove"],"duration":515,"failureMessages":[],"fullName":"Remove removes list items when the rm_last is clicked","location":null,"numPassingAsserts":0,"status":"passed","title":"removes list items when the rm_last is clicked"}],"skipped":false,"leaks":false}],"wasInterrupted":false}